============================= test session starts =============================
platform win32 -- Python 3.14.3, pytest-9.0.2, pluggy-1.6.0 -- C:\Users\shkub\OneDrive\Documents\archive\admin\VSCode\claude-chat\.venv\Scripts\python.exe
cachedir: .pytest_cache
rootdir: C:\Users\shkub\OneDrive\Documents\archive\admin\VSCode\claude-chat
configfile: pyproject.toml
plugins: anyio-4.13.0
collecting ... collected 147 items

sakai_d6\tests\test_effectivity.py::TestIrreducibleComponentBasis::test_ten_components PASSED [  0%]
sakai_d6\tests\test_effectivity.py::TestIrreducibleComponentBasis::test_names_in_canonical_order PASSED [  1%]
sakai_d6\tests\test_effectivity.py::TestIrreducibleComponentBasis::test_basis_matrix_shape PASSED [  2%]
sakai_d6\tests\test_effectivity.py::TestIrreducibleComponentBasis::test_basis_matrix_integer_dtype PASSED [  2%]
sakai_d6\tests\test_effectivity.py::TestIrreducibleComponentBasis::test_basis_is_unimodular PASSED [  3%]
sakai_d6\tests\test_effectivity.py::TestIrreducibleComponentBasis::test_e2_e4_e8_self_intersection_minus_one PASSED [  4%]
sakai_d6\tests\test_effectivity.py::TestIrreducibleComponentBasis::test_delta_i_self_intersection_minus_two PASSED [  4%]
sakai_d6\tests\test_effectivity.py::TestEffectivityPerDelta::test_verdict_matches_pre_registered[0] PASSED [  5%]
sakai_d6\tests\test_effectivity.py::TestEffectivityPerDelta::test_verdict_matches_pre_registered[1] PASSED [  6%]
sakai_d6\tests\test_effectivity.py::TestEffectivityPerDelta::test_verdict_matches_pre_registered[2] PASSED [  6%]
sakai_d6\tests\test_effectivity.py::TestEffectivityPerDelta::test_verdict_matches_pre_registered[3] PASSED [  7%]
sakai_d6\tests\test_effectivity.py::TestEffectivityPerDelta::test_verdict_matches_pre_registered[4] PASSED [  8%]
sakai_d6\tests\test_effectivity.py::TestEffectivityPerDelta::test_verdict_matches_pre_registered[5] PASSED [  8%]
sakai_d6\tests\test_effectivity.py::TestEffectivityPerDelta::test_verdict_matches_pre_registered[6] PASSED [  9%]
sakai_d6\tests\test_effectivity.py::TestEffectivityPerDelta::test_decomposition_matches_pre_registered[0] PASSED [ 10%]
sakai_d6\tests\test_effectivity.py::TestEffectivityPerDelta::test_decomposition_matches_pre_registered[1] PASSED [ 10%]
sakai_d6\tests\test_effectivity.py::TestEffectivityPerDelta::test_decomposition_matches_pre_registered[2] PASSED [ 11%]
sakai_d6\tests\test_effectivity.py::TestEffectivityPerDelta::test_decomposition_matches_pre_registered[3] PASSED [ 12%]
sakai_d6\tests\test_effectivity.py::TestEffectivityPerDelta::test_decomposition_matches_pre_registered[4] PASSED [ 12%]
sakai_d6\tests\test_effectivity.py::TestEffectivityPerDelta::test_decomposition_matches_pre_registered[5] PASSED [ 13%]
sakai_d6\tests\test_effectivity.py::TestEffectivityPerDelta::test_decomposition_matches_pre_registered[6] PASSED [ 14%]
sakai_d6\tests\test_effectivity.py::TestEffectivityPerDelta::test_decomposition_reconstructs[0] PASSED [ 14%]
sakai_d6\tests\test_effectivity.py::TestEffectivityPerDelta::test_decomposition_reconstructs[1] PASSED [ 15%]
sakai_d6\tests\test_effectivity.py::TestEffectivityPerDelta::test_decomposition_reconstructs[2] PASSED [ 16%]
sakai_d6\tests\test_effectivity.py::TestEffectivityPerDelta::test_decomposition_reconstructs[3] PASSED [ 17%]
sakai_d6\tests\test_effectivity.py::TestEffectivityPerDelta::test_decomposition_reconstructs[4] PASSED [ 17%]
sakai_d6\tests\test_effectivity.py::TestEffectivityPerDelta::test_decomposition_reconstructs[5] PASSED [ 18%]
sakai_d6\tests\test_effectivity.py::TestEffectivityPerDelta::test_decomposition_reconstructs[6] PASSED [ 19%]
sakai_d6\tests\test_effectivity.py::TestEffectivityPerDelta::test_decomposition_intersection_form_consistent[0] PASSED [ 19%]
sakai_d6\tests\test_effectivity.py::TestEffectivityPerDelta::test_decomposition_intersection_form_consistent[1] PASSED [ 20%]
sakai_d6\tests\test_effectivity.py::TestEffectivityPerDelta::test_decomposition_intersection_form_consistent[2] PASSED [ 21%]
sakai_d6\tests\test_effectivity.py::TestEffectivityPerDelta::test_decomposition_intersection_form_consistent[3] PASSED [ 21%]
sakai_d6\tests\test_effectivity.py::TestEffectivityPerDelta::test_decomposition_intersection_form_consistent[4] PASSED [ 22%]
sakai_d6\tests\test_effectivity.py::TestEffectivityPerDelta::test_decomposition_intersection_form_consistent[5] PASSED [ 23%]
sakai_d6\tests\test_effectivity.py::TestEffectivityPerDelta::test_decomposition_intersection_form_consistent[6] PASSED [ 23%]
sakai_d6\tests\test_effectivity.py::TestWeylReflection::test_weyl_reflection_returns_integer_array PASSED [ 24%]
sakai_d6\tests\test_effectivity.py::TestWeylReflection::test_weyl_reflection_is_involution PASSED [ 25%]
sakai_d6\tests\test_effectivity.py::TestWeylReflection::test_weyl_reflection_sends_root_to_negative PASSED [ 25%]
sakai_d6\tests\test_effectivity.py::TestWeylReflection::test_weyl_reflection_is_isometry PASSED [ 26%]
sakai_d6\tests\test_effectivity.py::TestWeylReflection::test_weyl_reflection_preserves_K_X PASSED [ 27%]
sakai_d6\tests\test_effectivity.py::TestWeylReflection::test_weyl_reflection_preserves_K_perp_setwise PASSED [ 27%]
sakai_d6\tests\test_effectivity.py::TestClassificationPipeline::test_classify_kny_roots_returns_seven_records PASSED [ 28%]
sakai_d6\tests\test_effectivity.py::TestClassificationPipeline::test_every_verdict_in_allowed_branches PASSED [ 29%]
sakai_d6\tests\test_effectivity.py::TestClassificationPipeline::test_all_seven_effective_matches_pre_registration PASSED [ 29%]
sakai_d6\tests\test_effectivity.py::TestClassificationPipeline::test_verify_report_all_flags_true PASSED [ 30%]
sakai_d6\tests\test_effectivity.py::TestCycleConsistency::test_irreducible_components_lie_in_Pic_with_correct_squared_lengths PASSED [ 31%]
sakai_d6\tests\test_effectivity.py::TestCycleConsistency::test_minus_K_X_decomposes_with_affine_marks PASSED [ 31%]
sakai_d6\tests\test_effectivity.py::TestCycleConsistency::test_minus_K_X_is_effective_with_extended_decomposition PASSED [ 32%]
sakai_d6\tests\test_effectivity.py::TestCycleConsistency::test_three_chain_tip_e_classes_are_effective PASSED [ 33%]
sakai_d6\tests\test_effectivity.py::TestArtefacts::test_writes_effectivity_table_artefact PASSED [ 34%]
sakai_d6\tests\test_effectivity.py::TestArtefacts::test_writes_irreducible_components_artefact PASSED [ 34%]
sakai_d6\tests\test_k_perp_basis.py::TestKPerpBasis::test_returns_9x10_integer_matrix PASSED [ 35%]
sakai_d6\tests\test_k_perp_basis.py::TestKPerpBasis::test_basis_has_full_row_rank_9_over_z PASSED [ 36%]
sakai_d6\tests\test_k_perp_basis.py::TestKPerpBasis::test_basis_has_full_row_rank_9_over_q PASSED [ 36%]
sakai_d6\tests\test_k_perp_basis.py::TestKPerpBasis::test_every_basis_vector_orthogonal_to_anti_canonical PASSED [ 37%]
sakai_d6\tests\test_k_perp_basis.py::TestKPerpBasis::test_functional_recovers_anti_canonical_pairing PASSED [ 38%]
sakai_d6\tests\test_k_perp_basis.py::TestKPerpBasis::test_basis_specific_first_two_vectors PASSED [ 38%]
sakai_d6\tests\test_k_perp_basis.py::TestKPerpBasis::test_basis_exceptional_diff_vectors PASSED [ 39%]
sakai_d6\tests\test_k_perp_basis.py::TestKNYInKPerpCoords::test_matrix_shape PASSED [ 40%]
sakai_d6\tests\test_k_perp_basis.py::TestKNYInKPerpCoords::test_reconstruction_M_times_basis_equals_kny_in_pic PASSED [ 40%]
sakai_d6\tests\test_k_perp_basis.py::TestKNYInKPerpCoords::test_kny_delta_i_all_in_k_perp PASSED [ 41%]
sakai_d6\tests\test_k_perp_basis.py::TestKNYInKPerpCoords::test_specific_kny_coords_in_k_perp_basis PASSED [ 42%]
sakai_d6\tests\test_k_perp_basis.py::TestSmithNormalFormAndVerdict::test_snf_shape PASSED [ 42%]
sakai_d6\tests\test_k_perp_basis.py::TestSmithNormalFormAndVerdict::test_seven_nonzero_elementary_divisors PASSED [ 43%]
sakai_d6\tests\test_k_perp_basis.py::TestSmithNormalFormAndVerdict::test_elementary_divisors_are_all_one PASSED [ 44%]
sakai_d6\tests\test_k_perp_basis.py::TestSmithNormalFormAndVerdict::test_elementary_divisors_divide_consecutively PASSED [ 44%]
sakai_d6\tests\test_k_perp_basis.py::TestSmithNormalFormAndVerdict::test_saturation_index_is_one PASSED [ 45%]
sakai_d6\tests\test_k_perp_basis.py::TestSmithNormalFormAndVerdict::test_verdict_is_saturated PASSED [ 46%]
sakai_d6\tests\test_k_perp_basis.py::TestSmithNormalFormAndVerdict::test_verdict_is_one_of_two_branches PASSED [ 46%]
sakai_d6\tests\test_k_perp_basis.py::TestSmithNormalFormAndVerdict::test_no_closure_generators_needed_for_saturated_case PASSED [ 47%]
sakai_d6\tests\test_k_perp_basis.py::TestCycleConsistency::test_sakai_form_is_same_as_generic_form PASSED [ 48%]
sakai_d6\tests\test_k_perp_basis.py::TestCycleConsistency::test_kny_imaginary_root_equals_anti_canonical PASSED [ 48%]
sakai_d6\tests\test_k_perp_basis.py::TestCycleConsistency::test_anti_canonical_self_intersection_is_zero PASSED [ 49%]
sakai_d6\tests\test_k_perp_basis.py::TestCycleConsistency::test_anti_canonical_is_in_k_perp PASSED [ 50%]
sakai_d6\tests\test_k_perp_basis.py::TestArtefacts::test_writes_k_perp_basis_artefact PASSED [ 51%]
sakai_d6\tests\test_k_perp_basis.py::TestArtefacts::test_writes_kny_in_k_perp_coords_artefact PASSED [ 51%]
sakai_d6\tests\test_k_perp_basis.py::TestArtefacts::test_writes_saturation_verdict_artefact PASSED [ 52%]
sakai_d6\tests\test_quotient.py::test_predecessor_kny_in_k_perp_shape PASSED [ 53%]
sakai_d6\tests\test_quotient.py::test_predecessor_k_perp_basis_shape PASSED [ 53%]
sakai_d6\tests\test_quotient.py::test_predecessor_cycle2_elementary_divisors PASSED [ 54%]
sakai_d6\tests\test_quotient.py::test_snf_decomp_unimodular_identity PASSED [ 55%]
sakai_d6\tests\test_quotient.py::test_snf_decomp_holds_flag PASSED       [ 55%]
sakai_d6\tests\test_quotient.py::test_quotient_rank_is_two PASSED        [ 56%]
sakai_d6\tests\test_quotient.py::test_quotient_basis_is_in_k_perp PASSED [ 57%]
sakai_d6\tests\test_quotient.py::test_quotient_basis_in_pic_shape PASSED [ 57%]
sakai_d6\tests\test_quotient.py::test_quotient_basis_is_primitive PASSED [ 58%]
sakai_d6\tests\test_quotient.py::test_quotient_basis_reconstructs_via_K_perp PASSED [ 59%]
sakai_d6\tests\test_quotient.py::test_minus_K_projects_to_zero PASSED    [ 59%]
sakai_d6\tests\test_quotient.py::test_minus_K_is_in_L_delta_explicitly PASSED [ 60%]
sakai_d6\tests\test_quotient.py::test_quotient_gram_is_symmetric PASSED  [ 61%]
sakai_d6\tests\test_quotient.py::test_quotient_gram_is_integer PASSED    [ 61%]
sakai_d6\tests\test_quotient.py::test_quotient_gram_matches_pic_form_directly PASSED [ 62%]
sakai_d6\tests\test_quotient.py::test_quotient_discriminant_matches_det PASSED [ 63%]
sakai_d6\tests\test_quotient.py::test_quotient_signature_consistent_with_pic_signature PASSED [ 63%]
sakai_d6\tests\test_quotient.py::test_quotient_classification_matches_verdict_branch PASSED [ 64%]
sakai_d6\tests\test_quotient.py::test_signature_and_verdict_internally_consistent PASSED [ 65%]
sakai_d6\tests\test_quotient.py::test_pre_registered_verdict_alignment_recorded PASSED [ 65%]
sakai_d6\tests\test_quotient.py::test_verify_report_all_flags_true PASSED [ 66%]
sakai_d6\tests\test_quotient.py::test_artefact_emission PASSED           [ 67%]
sakai_d6\tests\test_root_system.py::TestSimpleRoots::test_count_is_seven PASSED [ 68%]
sakai_d6\tests\test_root_system.py::TestSimpleRoots::test_each_squared_length_is_two PASSED [ 68%]
sakai_d6\tests\test_root_system.py::TestSimpleRoots::test_delta_lives_in_z8 PASSED [ 69%]
sakai_d6\tests\test_root_system.py::TestSimpleRoots::test_delta_orthogonal_to_every_simple_root PASSED [ 70%]
sakai_d6\tests\test_root_system.py::TestSimpleRoots::test_delta_is_isotropic PASSED [ 70%]
sakai_d6\tests\test_root_system.py::TestCartanMatrix::test_shape PASSED  [ 71%]
sakai_d6\tests\test_root_system.py::TestCartanMatrix::test_diagonal_is_two PASSED [ 72%]
sakai_d6\tests\test_root_system.py::TestCartanMatrix::test_offdiagonal_entries_are_zero_or_minus_one PASSED [ 72%]
sakai_d6\tests\test_root_system.py::TestCartanMatrix::test_matches_derived_from_bilinear_form PASSED [ 73%]
sakai_d6\tests\test_root_system.py::TestCartanMatrix::test_corank_one PASSED [ 74%]
sakai_d6\tests\test_root_system.py::TestIsRoot::test_finite_root_set_has_exactly_sixty_elements PASSED [ 74%]
sakai_d6\tests\test_root_system.py::TestIsRoot::test_is_root_accepts_every_enumerated_finite_root PASSED [ 75%]
sakai_d6\tests\test_root_system.py::TestIsRoot::test_is_root_rejects_zero PASSED [ 76%]
sakai_d6\tests\test_root_system.py::TestIsRoot::test_is_root_rejects_delta PASSED [ 76%]
sakai_d6\tests\test_root_system.py::TestIsRoot::test_is_root_rejects_wrong_dimension PASSED [ 77%]
sakai_d6\tests\test_root_system.py::TestIsRoot::test_is_root_rejects_three_nonzero_entries PASSED [ 78%]
sakai_d6\tests\test_root_system.py::TestIsRoot::test_is_root_rejects_entries_with_magnitude_two PASSED [ 78%]
sakai_d6\tests\test_root_system.py::TestIsRoot::test_is_root_rejects_vectors_with_nonzero_delta PASSED [ 79%]
sakai_d6\tests\test_root_system.py::TestPicardIntersectionForm::test_shape_and_dtype PASSED [ 80%]
sakai_d6\tests\test_root_system.py::TestPicardIntersectionForm::test_h1_h2_cross PASSED [ 80%]
sakai_d6\tests\test_root_system.py::TestPicardIntersectionForm::test_hk_squared_is_zero PASSED [ 81%]
sakai_d6\tests\test_root_system.py::TestPicardIntersectionForm::test_exceptional_self_intersections PASSED [ 82%]
sakai_d6\tests\test_root_system.py::TestPicardIntersectionForm::test_exceptional_pairwise_orthogonal PASSED [ 82%]
sakai_d6\tests\test_root_system.py::TestPicardIntersectionForm::test_h_dot_e_is_zero PASSED [ 83%]
sakai_d6\tests\test_root_system.py::TestPicardIntersectionForm::test_form_is_unimodular PASSED [ 84%]
sakai_d6\tests\test_root_system.py::TestAntiCanonical::test_self_intersection_is_eight PASSED [ 85%]
sakai_d6\tests\test_root_system.py::TestD6AffineEmbedding::test_seven_simple_roots PASSED [ 85%]
sakai_d6\tests\test_root_system.py::TestD6AffineEmbedding::test_every_simple_root_has_self_intersection_minus_two PASSED [ 86%]
sakai_d6\tests\test_root_system.py::TestD6AffineEmbedding::test_every_simple_root_is_orthogonal_to_anti_canonical PASSED [ 87%]
sakai_d6\tests\test_root_system.py::TestD6AffineEmbedding::test_simple_root_gram_matches_expected PASSED [ 87%]
sakai_d6\tests\test_root_system.py::TestD6AffineEmbedding::test_surface_type_is_d6_affine PASSED [ 88%]
sakai_d6\tests\test_sakai_nongen.py::TestSakaiNonGenForm::test_returns_10x10_integer_matrix PASSED [ 89%]
sakai_d6\tests\test_sakai_nongen.py::TestSakaiNonGenForm::test_sakai_form_unimodularity PASSED [ 89%]
sakai_d6\tests\test_sakai_nongen.py::TestSakaiNonGenForm::test_sakai_form_signature PASSED [ 90%]
sakai_d6\tests\test_sakai_nongen.py::TestSakaiNonGenForm::test_sakai_form_equals_generic_form_per_kny_3_26 PASSED [ 91%]
sakai_d6\tests\test_sakai_nongen.py::TestKNYEmbedding::test_kny_returns_7x10_matrix PASSED [ 91%]
sakai_d6\tests\test_sakai_nongen.py::TestKNYEmbedding::test_kny_self_intersection_minus_two PASSED [ 92%]
sakai_d6\tests\test_sakai_nongen.py::TestKNYEmbedding::test_kny_orthogonal_to_anti_canonical PASSED [ 93%]
sakai_d6\tests\test_sakai_nongen.py::TestKNYEmbedding::test_kny_gram_matches_d6_affine_cartan PASSED [ 93%]
sakai_d6\tests\test_sakai_nongen.py::TestKNYEmbedding::test_kny_delta_3_not_adjacent_to_delta_5 PASSED [ 94%]
sakai_d6\tests\test_sakai_nongen.py::TestKNYEmbedding::test_kny_delta_4_has_three_neighbours PASSED [ 95%]
sakai_d6\tests\test_sakai_nongen.py::TestKNYEmbedding::test_kny_delta_2_has_three_neighbours PASSED [ 95%]
sakai_d6\tests\test_sakai_nongen.py::TestKNYEmbedding::test_kny_embedding_lives_in_Z PASSED [ 96%]
sakai_d6\tests\test_sakai_nongen.py::TestPOCEmbeddingUnderSakaiForm::test_poc_embedding_satisfies_d6_affine_cartan_under_sakai_form PASSED [ 97%]
sakai_d6\tests\test_sakai_nongen.py::TestPOCEmbeddingUnderSakaiForm::test_poc_gram_artefact_written PASSED [ 97%]
sakai_d6\tests\test_sakai_nongen.py::TestVerdict::test_verdict_is_one_of_three_branches PASSED [ 98%]
sakai_d6\tests\test_sakai_nongen.py::TestVerdict::test_verdict_records_actual_branch_taken PASSED [ 99%]
sakai_d6\tests\test_sakai_nongen.py::TestVerdict::test_verdict_artefact_written PASSED [100%]

============================ 147 passed in 35.81s =============================
